<?xml version="1.0" encoding="UTF-8"?>
<testsuite xmlns:xsi="http://www.w3.org/2001/XMLSchema-instance" xsi:noNamespaceSchemaLocation="https://maven.apache.org/surefire/maven-surefire-plugin/xsd/surefire-test-report.xsd" name="com.example.DemoApplicationTests" time="2.862" tests="2" errors="0" skipped="0" failures="0">
  <properties>
    <property name="awt.toolkit" value="sun.awt.X11.XToolkit"/>
    <property name="file.encoding.pkg" value="sun.io"/>
    <property name="java.specification.version" value="1.8"/>
    <property name="sun.cpu.isalist" value=""/>
    <property name="sun.jnu.encoding" value="UTF-8"/>
    <property name="java.class.path" value="/tmp/spring-boot-memory-blog/demo/target/test-classes:/tmp/spring-boot-memory-blog/demo/target/classes:/home/fede/.m2/repository/org/springframework/boot/spring-boot-starter-web/2.0.0.BUILD-SNAPSHOT/spring-boot-starter-web-2.0.0.BUILD-SNAPSHOT.jar:/home/fede/.m2/repository/org/springframework/boot/spring-boot-starter/2.0.0.BUILD-SNAPSHOT/spring-boot-starter-2.0.0.BUILD-SNAPSHOT.jar:/home/fede/.m2/repository/org/springframework/boot/spring-boot/2.0.0.BUILD-SNAPSHOT/spring-boot-2.0.0.BUILD-SNAPSHOT.jar:/home/fede/.m2/repository/org/springframework/boot/spring-boot-autoconfigure/2.0.0.BUILD-SNAPSHOT/spring-boot-autoconfigure-2.0.0.BUILD-SNAPSHOT.jar:/home/fede/.m2/repository/org/springframework/boot/spring-boot-starter-logging/2.0.0.BUILD-SNAPSHOT/spring-boot-starter-logging-2.0.0.BUILD-SNAPSHOT.jar:/home/fede/.m2/repository/ch/qos/logback/logback-classic/1.2.3/logback-classic-1.2.3.jar:/home/fede/.m2/repository/ch/qos/logback/logback-core/1.2.3/logback-core-1.2.3.jar:/home/fede/.m2/repository/org/apache/logging/log4j/log4j-to-slf4j/2.10.0/log4j-to-slf4j-2.10.0.jar:/home/fede/.m2/repository/org/apache/logging/log4j/log4j-api/2.10.0/log4j-api-2.10.0.jar:/home/fede/.m2/repository/org/slf4j/jul-to-slf4j/1.7.25/jul-to-slf4j-1.7.25.jar:/home/fede/.m2/repository/javax/annotation/javax.annotation-api/1.3.2/javax.annotation-api-1.3.2.jar:/home/fede/.m2/repository/org/yaml/snakeyaml/1.19/snakeyaml-1.19.jar:/home/fede/.m2/repository/org/springframework/boot/spring-boot-starter-json/2.0.0.BUILD-SNAPSHOT/spring-boot-starter-json-2.0.0.BUILD-SNAPSHOT.jar:/home/fede/.m2/repository/com/fasterxml/jackson/datatype/jackson-datatype-jdk8/2.9.4/jackson-datatype-jdk8-2.9.4.jar:/home/fede/.m2/repository/com/fasterxml/jackson/datatype/jackson-datatype-jsr310/2.9.4/jackson-datatype-jsr310-2.9.4.jar:/home/fede/.m2/repository/com/fasterxml/jackson/module/jackson-module-parameter-names/2.9.4/jackson-module-parameter-names-2.9.4.jar:/home/fede/.m2/repository/org/springframework/boot/spring-boot-starter-tomcat/2.0.0.BUILD-SNAPSHOT/spring-boot-starter-tomcat-2.0.0.BUILD-SNAPSHOT.jar:/home/fede/.m2/repository/org/apache/tomcat/embed/tomcat-embed-core/8.5.28/tomcat-embed-core-8.5.28.jar:/home/fede/.m2/repository/org/apache/tomcat/embed/tomcat-embed-el/8.5.28/tomcat-embed-el-8.5.28.jar:/home/fede/.m2/repository/org/apache/tomcat/embed/tomcat-embed-websocket/8.5.28/tomcat-embed-websocket-8.5.28.jar:/home/fede/.m2/repository/org/hibernate/validator/hibernate-validator/6.0.7.Final/hibernate-validator-6.0.7.Final.jar:/home/fede/.m2/repository/javax/validation/validation-api/2.0.1.Final/validation-api-2.0.1.Final.jar:/home/fede/.m2/repository/org/jboss/logging/jboss-logging/3.3.2.Final/jboss-logging-3.3.2.Final.jar:/home/fede/.m2/repository/com/fasterxml/classmate/1.3.4/classmate-1.3.4.jar:/home/fede/.m2/repository/org/springframework/spring-web/5.0.4.RELEASE/spring-web-5.0.4.RELEASE.jar:/home/fede/.m2/repository/org/springframework/spring-beans/5.0.4.RELEASE/spring-beans-5.0.4.RELEASE.jar:/home/fede/.m2/repository/org/springframework/spring-webmvc/5.0.4.RELEASE/spring-webmvc-5.0.4.RELEASE.jar:/home/fede/.m2/repository/org/springframework/spring-aop/5.0.4.RELEASE/spring-aop-5.0.4.RELEASE.jar:/home/fede/.m2/repository/org/springframework/spring-context/5.0.4.RELEASE/spring-context-5.0.4.RELEASE.jar:/home/fede/.m2/repository/org/springframework/spring-expression/5.0.4.RELEASE/spring-expression-5.0.4.RELEASE.jar:/home/fede/.m2/repository/org/springframework/boot/spring-boot-starter-actuator/2.0.0.BUILD-SNAPSHOT/spring-boot-starter-actuator-2.0.0.BUILD-SNAPSHOT.jar:/home/fede/.m2/repository/org/springframework/boot/spring-boot-actuator-autoconfigure/2.0.0.BUILD-SNAPSHOT/spring-boot-actuator-autoconfigure-2.0.0.BUILD-SNAPSHOT.jar:/home/fede/.m2/repository/org/springframework/boot/spring-boot-actuator/2.0.0.BUILD-SNAPSHOT/spring-boot-actuator-2.0.0.BUILD-SNAPSHOT.jar:/home/fede/.m2/repository/io/micrometer/micrometer-core/1.0.1/micrometer-core-1.0.1.jar:/home/fede/.m2/repository/org/hdrhistogram/HdrHistogram/2.1.10/HdrHistogram-2.1.10.jar:/home/fede/.m2/repository/org/latencyutils/LatencyUtils/2.0.3/LatencyUtils-2.0.3.jar:/home/fede/.m2/repository/org/webjars/angularjs/1.4.3/angularjs-1.4.3.jar:/home/fede/.m2/repository/org/webjars/jquery/2.1.4/jquery-2.1.4.jar:/home/fede/.m2/repository/org/webjars/bootstrap/3.3.5/bootstrap-3.3.5.jar:/home/fede/.m2/repository/org/webjars/webjars-locator/0.34/webjars-locator-0.34.jar:/home/fede/.m2/repository/org/webjars/webjars-locator-core/0.35/webjars-locator-core-0.35.jar:/home/fede/.m2/repository/org/slf4j/slf4j-api/1.7.25/slf4j-api-1.7.25.jar:/home/fede/.m2/repository/org/apache/commons/commons-lang3/3.7/commons-lang3-3.7.jar:/home/fede/.m2/repository/org/apache/commons/commons-compress/1.9/commons-compress-1.9.jar:/home/fede/.m2/repository/com/fasterxml/jackson/core/jackson-core/2.9.4/jackson-core-2.9.4.jar:/home/fede/.m2/repository/com/fasterxml/jackson/core/jackson-databind/2.9.4/jackson-databind-2.9.4.jar:/home/fede/.m2/repository/com/fasterxml/jackson/core/jackson-annotations/2.9.0/jackson-annotations-2.9.0.jar:/home/fede/.m2/repository/org/springframework/boot/spring-boot-starter-test/2.0.0.BUILD-SNAPSHOT/spring-boot-starter-test-2.0.0.BUILD-SNAPSHOT.jar:/home/fede/.m2/repository/org/springframework/boot/spring-boot-test/2.0.0.BUILD-SNAPSHOT/spring-boot-test-2.0.0.BUILD-SNAPSHOT.jar:/home/fede/.m2/repository/org/springframework/boot/spring-boot-test-autoconfigure/2.0.0.BUILD-SNAPSHOT/spring-boot-test-autoconfigure-2.0.0.BUILD-SNAPSHOT.jar:/home/fede/.m2/repository/com/jayway/jsonpath/json-path/2.4.0/json-path-2.4.0.jar:/home/fede/.m2/repository/net/minidev/json-smart/2.3/json-smart-2.3.jar:/home/fede/.m2/repository/net/minidev/accessors-smart/1.2/accessors-smart-1.2.jar:/home/fede/.m2/repository/org/ow2/asm/asm/5.0.4/asm-5.0.4.jar:/home/fede/.m2/repository/junit/junit/4.12/junit-4.12.jar:/home/fede/.m2/repository/org/assertj/assertj-core/3.9.1/assertj-core-3.9.1.jar:/home/fede/.m2/repository/org/mockito/mockito-core/2.15.0/mockito-core-2.15.0.jar:/home/fede/.m2/repository/net/bytebuddy/byte-buddy/1.7.10/byte-buddy-1.7.10.jar:/home/fede/.m2/repository/net/bytebuddy/byte-buddy-agent/1.7.10/byte-buddy-agent-1.7.10.jar:/home/fede/.m2/repository/org/objenesis/objenesis/2.6/objenesis-2.6.jar:/home/fede/.m2/repository/org/hamcrest/hamcrest-core/1.3/hamcrest-core-1.3.jar:/home/fede/.m2/repository/org/hamcrest/hamcrest-library/1.3/hamcrest-library-1.3.jar:/home/fede/.m2/repository/org/skyscreamer/jsonassert/1.5.0/jsonassert-1.5.0.jar:/home/fede/.m2/repository/com/vaadin/external/google/android-json/0.0.20131108.vaadin1/android-json-0.0.20131108.vaadin1.jar:/home/fede/.m2/repository/org/springframework/spring-core/5.0.4.RELEASE/spring-core-5.0.4.RELEASE.jar:/home/fede/.m2/repository/org/springframework/spring-jcl/5.0.4.RELEASE/spring-jcl-5.0.4.RELEASE.jar:/home/fede/.m2/repository/org/springframework/spring-test/5.0.4.RELEASE/spring-test-5.0.4.RELEASE.jar:/home/fede/.m2/repository/org/xmlunit/xmlunit-core/2.5.1/xmlunit-core-2.5.1.jar:"/>
    <property name="java.vm.vendor" value="Oracle Corporation"/>
    <property name="sun.arch.data.model" value="64"/>
    <property name="java.vendor.url" value="http://java.oracle.com/"/>
    <property name="user.timezone" value=""/>
    <property name="java.vm.specification.version" value="1.8"/>
    <property name="os.name" value="Linux"/>
    <property name="user.country" value="ES"/>
    <property name="sun.java.launcher" value="SUN_STANDARD"/>
    <property name="sun.boot.library.path" value="/usr/lib/jvm/java-8-openjdk/jre/lib/amd64"/>
    <property name="sun.java.command" value="/tmp/spring-boot-memory-blog/demo/target/surefire/surefirebooter3298327426942685380.jar /tmp/spring-boot-memory-blog/demo/target/surefire 2018-09-25T14-35-45_002-jvmRun1 surefire4500568324055494995tmp surefire_0739194779013863107tmp"/>
    <property name="surefire.test.class.path" value="/tmp/spring-boot-memory-blog/demo/target/test-classes:/tmp/spring-boot-memory-blog/demo/target/classes:/home/fede/.m2/repository/org/springframework/boot/spring-boot-starter-web/2.0.0.BUILD-SNAPSHOT/spring-boot-starter-web-2.0.0.BUILD-SNAPSHOT.jar:/home/fede/.m2/repository/org/springframework/boot/spring-boot-starter/2.0.0.BUILD-SNAPSHOT/spring-boot-starter-2.0.0.BUILD-SNAPSHOT.jar:/home/fede/.m2/repository/org/springframework/boot/spring-boot/2.0.0.BUILD-SNAPSHOT/spring-boot-2.0.0.BUILD-SNAPSHOT.jar:/home/fede/.m2/repository/org/springframework/boot/spring-boot-autoconfigure/2.0.0.BUILD-SNAPSHOT/spring-boot-autoconfigure-2.0.0.BUILD-SNAPSHOT.jar:/home/fede/.m2/repository/org/springframework/boot/spring-boot-starter-logging/2.0.0.BUILD-SNAPSHOT/spring-boot-starter-logging-2.0.0.BUILD-SNAPSHOT.jar:/home/fede/.m2/repository/ch/qos/logback/logback-classic/1.2.3/logback-classic-1.2.3.jar:/home/fede/.m2/repository/ch/qos/logback/logback-core/1.2.3/logback-core-1.2.3.jar:/home/fede/.m2/repository/org/apache/logging/log4j/log4j-to-slf4j/2.10.0/log4j-to-slf4j-2.10.0.jar:/home/fede/.m2/repository/org/apache/logging/log4j/log4j-api/2.10.0/log4j-api-2.10.0.jar:/home/fede/.m2/repository/org/slf4j/jul-to-slf4j/1.7.25/jul-to-slf4j-1.7.25.jar:/home/fede/.m2/repository/javax/annotation/javax.annotation-api/1.3.2/javax.annotation-api-1.3.2.jar:/home/fede/.m2/repository/org/yaml/snakeyaml/1.19/snakeyaml-1.19.jar:/home/fede/.m2/repository/org/springframework/boot/spring-boot-starter-json/2.0.0.BUILD-SNAPSHOT/spring-boot-starter-json-2.0.0.BUILD-SNAPSHOT.jar:/home/fede/.m2/repository/com/fasterxml/jackson/datatype/jackson-datatype-jdk8/2.9.4/jackson-datatype-jdk8-2.9.4.jar:/home/fede/.m2/repository/com/fasterxml/jackson/datatype/jackson-datatype-jsr310/2.9.4/jackson-datatype-jsr310-2.9.4.jar:/home/fede/.m2/repository/com/fasterxml/jackson/module/jackson-module-parameter-names/2.9.4/jackson-module-parameter-names-2.9.4.jar:/home/fede/.m2/repository/org/springframework/boot/spring-boot-starter-tomcat/2.0.0.BUILD-SNAPSHOT/spring-boot-starter-tomcat-2.0.0.BUILD-SNAPSHOT.jar:/home/fede/.m2/repository/org/apache/tomcat/embed/tomcat-embed-core/8.5.28/tomcat-embed-core-8.5.28.jar:/home/fede/.m2/repository/org/apache/tomcat/embed/tomcat-embed-el/8.5.28/tomcat-embed-el-8.5.28.jar:/home/fede/.m2/repository/org/apache/tomcat/embed/tomcat-embed-websocket/8.5.28/tomcat-embed-websocket-8.5.28.jar:/home/fede/.m2/repository/org/hibernate/validator/hibernate-validator/6.0.7.Final/hibernate-validator-6.0.7.Final.jar:/home/fede/.m2/repository/javax/validation/validation-api/2.0.1.Final/validation-api-2.0.1.Final.jar:/home/fede/.m2/repository/org/jboss/logging/jboss-logging/3.3.2.Final/jboss-logging-3.3.2.Final.jar:/home/fede/.m2/repository/com/fasterxml/classmate/1.3.4/classmate-1.3.4.jar:/home/fede/.m2/repository/org/springframework/spring-web/5.0.4.RELEASE/spring-web-5.0.4.RELEASE.jar:/home/fede/.m2/repository/org/springframework/spring-beans/5.0.4.RELEASE/spring-beans-5.0.4.RELEASE.jar:/home/fede/.m2/repository/org/springframework/spring-webmvc/5.0.4.RELEASE/spring-webmvc-5.0.4.RELEASE.jar:/home/fede/.m2/repository/org/springframework/spring-aop/5.0.4.RELEASE/spring-aop-5.0.4.RELEASE.jar:/home/fede/.m2/repository/org/springframework/spring-context/5.0.4.RELEASE/spring-context-5.0.4.RELEASE.jar:/home/fede/.m2/repository/org/springframework/spring-expression/5.0.4.RELEASE/spring-expression-5.0.4.RELEASE.jar:/home/fede/.m2/repository/org/springframework/boot/spring-boot-starter-actuator/2.0.0.BUILD-SNAPSHOT/spring-boot-starter-actuator-2.0.0.BUILD-SNAPSHOT.jar:/home/fede/.m2/repository/org/springframework/boot/spring-boot-actuator-autoconfigure/2.0.0.BUILD-SNAPSHOT/spring-boot-actuator-autoconfigure-2.0.0.BUILD-SNAPSHOT.jar:/home/fede/.m2/repository/org/springframework/boot/spring-boot-actuator/2.0.0.BUILD-SNAPSHOT/spring-boot-actuator-2.0.0.BUILD-SNAPSHOT.jar:/home/fede/.m2/repository/io/micrometer/micrometer-core/1.0.1/micrometer-core-1.0.1.jar:/home/fede/.m2/repository/org/hdrhistogram/HdrHistogram/2.1.10/HdrHistogram-2.1.10.jar:/home/fede/.m2/repository/org/latencyutils/LatencyUtils/2.0.3/LatencyUtils-2.0.3.jar:/home/fede/.m2/repository/org/webjars/angularjs/1.4.3/angularjs-1.4.3.jar:/home/fede/.m2/repository/org/webjars/jquery/2.1.4/jquery-2.1.4.jar:/home/fede/.m2/repository/org/webjars/bootstrap/3.3.5/bootstrap-3.3.5.jar:/home/fede/.m2/repository/org/webjars/webjars-locator/0.34/webjars-locator-0.34.jar:/home/fede/.m2/repository/org/webjars/webjars-locator-core/0.35/webjars-locator-core-0.35.jar:/home/fede/.m2/repository/org/slf4j/slf4j-api/1.7.25/slf4j-api-1.7.25.jar:/home/fede/.m2/repository/org/apache/commons/commons-lang3/3.7/commons-lang3-3.7.jar:/home/fede/.m2/repository/org/apache/commons/commons-compress/1.9/commons-compress-1.9.jar:/home/fede/.m2/repository/com/fasterxml/jackson/core/jackson-core/2.9.4/jackson-core-2.9.4.jar:/home/fede/.m2/repository/com/fasterxml/jackson/core/jackson-databind/2.9.4/jackson-databind-2.9.4.jar:/home/fede/.m2/repository/com/fasterxml/jackson/core/jackson-annotations/2.9.0/jackson-annotations-2.9.0.jar:/home/fede/.m2/repository/org/springframework/boot/spring-boot-starter-test/2.0.0.BUILD-SNAPSHOT/spring-boot-starter-test-2.0.0.BUILD-SNAPSHOT.jar:/home/fede/.m2/repository/org/springframework/boot/spring-boot-test/2.0.0.BUILD-SNAPSHOT/spring-boot-test-2.0.0.BUILD-SNAPSHOT.jar:/home/fede/.m2/repository/org/springframework/boot/spring-boot-test-autoconfigure/2.0.0.BUILD-SNAPSHOT/spring-boot-test-autoconfigure-2.0.0.BUILD-SNAPSHOT.jar:/home/fede/.m2/repository/com/jayway/jsonpath/json-path/2.4.0/json-path-2.4.0.jar:/home/fede/.m2/repository/net/minidev/json-smart/2.3/json-smart-2.3.jar:/home/fede/.m2/repository/net/minidev/accessors-smart/1.2/accessors-smart-1.2.jar:/home/fede/.m2/repository/org/ow2/asm/asm/5.0.4/asm-5.0.4.jar:/home/fede/.m2/repository/junit/junit/4.12/junit-4.12.jar:/home/fede/.m2/repository/org/assertj/assertj-core/3.9.1/assertj-core-3.9.1.jar:/home/fede/.m2/repository/org/mockito/mockito-core/2.15.0/mockito-core-2.15.0.jar:/home/fede/.m2/repository/net/bytebuddy/byte-buddy/1.7.10/byte-buddy-1.7.10.jar:/home/fede/.m2/repository/net/bytebuddy/byte-buddy-agent/1.7.10/byte-buddy-agent-1.7.10.jar:/home/fede/.m2/repository/org/objenesis/objenesis/2.6/objenesis-2.6.jar:/home/fede/.m2/repository/org/hamcrest/hamcrest-core/1.3/hamcrest-core-1.3.jar:/home/fede/.m2/repository/org/hamcrest/hamcrest-library/1.3/hamcrest-library-1.3.jar:/home/fede/.m2/repository/org/skyscreamer/jsonassert/1.5.0/jsonassert-1.5.0.jar:/home/fede/.m2/repository/com/vaadin/external/google/android-json/0.0.20131108.vaadin1/android-json-0.0.20131108.vaadin1.jar:/home/fede/.m2/repository/org/springframework/spring-core/5.0.4.RELEASE/spring-core-5.0.4.RELEASE.jar:/home/fede/.m2/repository/org/springframework/spring-jcl/5.0.4.RELEASE/spring-jcl-5.0.4.RELEASE.jar:/home/fede/.m2/repository/org/springframework/spring-test/5.0.4.RELEASE/spring-test-5.0.4.RELEASE.jar:/home/fede/.m2/repository/org/xmlunit/xmlunit-core/2.5.1/xmlunit-core-2.5.1.jar:"/>
    <property name="sun.cpu.endian" value="little"/>
    <property name="user.home" value="/home/fede"/>
    <property name="user.language" value="es"/>
    <property name="java.specification.vendor" value="Oracle Corporation"/>
    <property name="java.home" value="/usr/lib/jvm/java-8-openjdk/jre"/>
    <property name="basedir" value="/tmp/spring-boot-memory-blog/demo"/>
    <property name="file.separator" value="/"/>
    <property name="line.separator" value="&#10;"/>
    <property name="java.vm.specification.vendor" value="Oracle Corporation"/>
    <property name="java.specification.name" value="Java Platform API Specification"/>
    <property name="java.awt.graphicsenv" value="sun.awt.X11GraphicsEnvironment"/>
    <property name="surefire.real.class.path" value="/tmp/spring-boot-memory-blog/demo/target/surefire/surefirebooter3298327426942685380.jar"/>
    <property name="sun.boot.class.path" value="/usr/lib/jvm/java-8-openjdk/jre/lib/resources.jar:/usr/lib/jvm/java-8-openjdk/jre/lib/rt.jar:/usr/lib/jvm/java-8-openjdk/jre/lib/sunrsasign.jar:/usr/lib/jvm/java-8-openjdk/jre/lib/jsse.jar:/usr/lib/jvm/java-8-openjdk/jre/lib/jce.jar:/usr/lib/jvm/java-8-openjdk/jre/lib/charsets.jar:/usr/lib/jvm/java-8-openjdk/jre/lib/jfr.jar:/usr/lib/jvm/java-8-openjdk/jre/classes"/>
    <property name="sun.management.compiler" value="HotSpot 64-Bit Tiered Compilers"/>
    <property name="java.runtime.version" value="1.8.0_181-b13"/>
    <property name="user.name" value="fede"/>
    <property name="path.separator" value=":"/>
    <property name="os.version" value="4.18.9-arch1-1-ARCH"/>
    <property name="java.endorsed.dirs" value="/usr/lib/jvm/java-8-openjdk/jre/lib/endorsed"/>
    <property name="java.runtime.name" value="OpenJDK Runtime Environment"/>
    <property name="file.encoding" value="UTF-8"/>
    <property name="java.vm.name" value="OpenJDK 64-Bit Server VM"/>
    <property name="localRepository" value="/home/fede/.m2/repository"/>
    <property name="java.vendor.url.bug" value="http://bugreport.sun.com/bugreport/"/>
    <property name="java.io.tmpdir" value="/tmp"/>
    <property name="java.version" value="1.8.0_181"/>
    <property name="user.dir" value="/tmp/spring-boot-memory-blog/demo"/>
    <property name="os.arch" value="amd64"/>
    <property name="java.vm.specification.name" value="Java Virtual Machine Specification"/>
    <property name="java.awt.printerjob" value="sun.print.PSPrinterJob"/>
    <property name="sun.os.patch.level" value="unknown"/>
    <property name="java.library.path" value="/usr/java/packages/lib/amd64:/usr/lib64:/lib64:/lib:/usr/lib"/>
    <property name="java.vm.info" value="mixed mode"/>
    <property name="java.vendor" value="Oracle Corporation"/>
    <property name="java.vm.version" value="25.181-b13"/>
    <property name="java.ext.dirs" value="/usr/lib/jvm/java-8-openjdk/jre/lib/ext:/usr/java/packages/lib/ext"/>
    <property name="sun.io.unicode.encoding" value="UnicodeLittle"/>
    <property name="java.class.version" value="52.0"/>
  </properties>
  <testcase name="resource" classname="com.example.DemoApplicationTests" time="0.137"/>
  <testcase name="contextLoads" classname="com.example.DemoApplicationTests" time="0.002"/>
</testsuite>